TN:
SF:src/app.js
FNF:0
FNH:0
DA:1,1
DA:2,1
DA:3,1
DA:4,1
DA:5,1
DA:6,1
DA:7,1
DA:8,1
DA:9,1
DA:10,1
DA:11,1
DA:12,1
DA:13,1
DA:14,1
DA:15,1
DA:16,1
DA:17,1
DA:18,1
DA:19,0
DA:20,0
DA:21,0
DA:22,0
DA:23,1
DA:24,1
DA:25,1
DA:26,1
DA:27,1
DA:28,1
DA:29,1
DA:30,1
DA:31,0
DA:32,0
DA:33,1
DA:34,1
DA:35,1
DA:36,1
DA:37,1
DA:38,1
DA:39,1
DA:40,1
DA:41,1
DA:42,1
DA:43,0
DA:44,0
DA:45,1
DA:46,1
DA:47,1
DA:48,1
DA:49,1
DA:50,1
DA:51,1
DA:52,1
DA:53,1
DA:54,0
DA:55,0
DA:56,1
DA:57,1
DA:58,1
LF:58
LH:48
BRDA:7,0,0,1
BRDA:12,1,0,1
BRDA:16,2,0,0
BRDA:18,3,0,0
BRDA:25,4,0,1
BRDA:30,5,0,0
BRDA:35,6,0,1
BRDA:40,7,0,0
BRDA:42,8,0,0
BRDA:47,9,0,1
BRDA:51,10,0,0
BRDA:53,11,0,0
BRF:12
BRH:5
end_of_record
TN:
SF:src/controllers/post.js
FN:4,getPost
FN:10,addPost
FN:15,updatePost
FN:20,deletePost
FNF:4
FNH:4
FNDA:2,getPost
FNDA:1,addPost
FNDA:1,updatePost
FNDA:1,deletePost
DA:1,1
DA:2,1
DA:3,1
DA:4,1
DA:5,2
DA:6,2
DA:7,1
DA:8,1
DA:9,1
DA:10,1
DA:11,1
DA:12,1
DA:13,1
DA:14,1
DA:15,1
DA:16,1
DA:17,1
DA:18,1
DA:19,1
DA:20,1
DA:21,1
DA:22,1
DA:23,1
DA:24,1
DA:25,1
LF:25
LH:25
BRDA:4,0,0,2
BRDA:6,1,0,1
BRDA:10,2,0,1
BRDA:15,3,0,1
BRDA:20,4,0,1
BRF:5
BRH:5
end_of_record
TN:
SF:src/models/post.js
FN:4,getAllPosts
FN:8,getPostById
FN:12,insertPost
FN:19,updatePost
FN:33,deletePost
FNF:5
FNH:5
FNDA:1,getAllPosts
FNDA:1,getPostById
FNDA:1,insertPost
FNDA:1,updatePost
FNDA:1,deletePost
DA:1,1
DA:2,1
DA:3,1
DA:4,1
DA:5,1
DA:6,1
DA:7,1
DA:8,1
DA:9,1
DA:10,1
DA:11,1
DA:12,1
DA:13,1
DA:14,1
DA:15,1
DA:16,1
DA:17,1
DA:18,1
DA:19,1
DA:20,1
DA:21,1
DA:22,1
DA:23,1
DA:24,1
DA:25,1
DA:26,1
DA:27,1
DA:28,1
DA:29,1
DA:30,1
DA:31,1
DA:32,1
DA:33,1
DA:34,1
DA:35,1
DA:36,1
DA:37,1
DA:38,1
DA:39,1
DA:40,1
DA:41,1
DA:42,1
DA:43,1
DA:44,1
DA:45,1
DA:46,1
DA:47,1
LF:47
LH:47
BRDA:4,0,0,1
BRDA:8,1,0,1
BRDA:9,2,0,1
BRDA:12,3,0,1
BRDA:19,4,0,1
BRDA:21,5,0,0
BRDA:26,6,0,0
BRDA:27,7,0,0
BRDA:20,8,0,1
BRDA:33,9,0,1
BRDA:35,10,0,0
BRDA:34,11,0,1
BRF:12
BRH:8
end_of_record
TN:
SF:src/utils/validation.js
FN:1,idValidation
FN:5,addPostValidation
FN:15,updatePostValidation
FNF:3
FNH:3
FNDA:4,idValidation
FNDA:1,addPostValidation
FNDA:1,updatePostValidation
DA:1,1
DA:2,4
DA:3,4
DA:4,1
DA:5,1
DA:6,1
DA:7,1
DA:8,1
DA:9,1
DA:10,1
DA:11,1
DA:12,1
DA:13,1
DA:14,1
DA:15,1
DA:16,1
DA:17,1
DA:18,1
DA:19,1
DA:20,1
DA:21,1
DA:22,1
DA:23,1
DA:24,1
LF:24
LH:24
BRDA:1,0,0,4
BRDA:2,1,0,3
BRDA:2,2,0,0
BRDA:5,3,0,1
BRDA:12,4,0,0
BRDA:15,5,0,1
BRDA:17,6,0,0
BRDA:17,7,0,0
BRDA:19,8,0,0
BRDA:21,9,0,0
BRF:10
BRH:4
end_of_record
